<?xml version="1.0" encoding="UTF-8"?>
<coverage generated="1664484074939" clover="3.2.0">
  <project timestamp="1664484074939" name="All files">
    <metrics statements="47" coveredstatements="1" conditionals="8" coveredconditionals="0" methods="12" coveredmethods="1" elements="67" coveredelements="2" complexity="0" loc="47" ncloc="47" packages="2" files="9" classes="9"/>
    <package name="src">
      <metrics statements="11" coveredstatements="1" conditionals="2" coveredconditionals="0" methods="2" coveredmethods="1"/>
      <file name="App.js" path="/home/georges/University/BTH/Javascript_baserade_webbramverk_DV1612(jsramverk)/text_editor/client/src/App.js">
        <metrics statements="1" coveredstatements="1" conditionals="0" coveredconditionals="0" methods="1" coveredmethods="1"/>
        <line num="11" count="1" type="stmt"/>
      </file>
      <file name="index.js" path="/home/georges/University/BTH/Javascript_baserade_webbramverk_DV1612(jsramverk)/text_editor/client/src/index.js">
        <metrics statements="9" coveredstatements="0" conditionals="2" coveredconditionals="0" methods="1" coveredmethods="0"/>
        <line num="10" count="0" type="stmt"/>
        <line num="11" count="0" type="stmt"/>
        <line num="22" count="0" type="stmt"/>
        <line num="23" count="0" type="stmt"/>
        <line num="26" count="0" type="cond" truecount="0" falsecount="2"/>
        <line num="27" count="0" type="stmt"/>
        <line num="29" count="0" type="stmt"/>
        <line num="33" count="0" type="stmt"/>
        <line num="37" count="0" type="stmt"/>
      </file>
      <file name="service-worker.js" path="/home/georges/University/BTH/Javascript_baserade_webbramverk_DV1612(jsramverk)/text_editor/client/src/service-worker.js">
        <metrics statements="1" coveredstatements="0" conditionals="0" coveredconditionals="0" methods="0" coveredmethods="0"/>
        <line num="2" count="0" type="stmt"/>
      </file>
    </package>
    <package name="src.stories">
      <metrics statements="36" coveredstatements="0" conditionals="6" coveredconditionals="0" methods="10" coveredmethods="0"/>
      <file name="Button.jsx" path="/home/georges/University/BTH/Javascript_baserade_webbramverk_DV1612(jsramverk)/text_editor/client/src/stories/Button.jsx">
        <metrics statements="5" coveredstatements="0" conditionals="4" coveredconditionals="0" methods="1" coveredmethods="0"/>
        <line num="8" count="0" type="stmt"/>
        <line num="9" count="0" type="cond" truecount="0" falsecount="2"/>
        <line num="10" count="0" type="stmt"/>
        <line num="22" count="0" type="stmt"/>
        <line num="45" count="0" type="stmt"/>
      </file>
      <file name="Button.stories.jsx" path="/home/georges/University/BTH/Javascript_baserade_webbramverk_DV1612(jsramverk)/text_editor/client/src/stories/Button.stories.jsx">
        <metrics statements="9" coveredstatements="0" conditionals="0" coveredconditionals="0" methods="1" coveredmethods="0"/>
        <line num="16" count="0" type="stmt"/>
        <line num="18" count="0" type="stmt"/>
        <line num="20" count="0" type="stmt"/>
        <line num="25" count="0" type="stmt"/>
        <line num="26" count="0" type="stmt"/>
        <line num="30" count="0" type="stmt"/>
        <line num="31" count="0" type="stmt"/>
        <line num="36" count="0" type="stmt"/>
        <line num="37" count="0" type="stmt"/>
      </file>
      <file name="Header.jsx" path="/home/georges/University/BTH/Javascript_baserade_webbramverk_DV1612(jsramverk)/text_editor/client/src/stories/Header.jsx">
        <metrics statements="4" coveredstatements="0" conditionals="2" coveredconditionals="0" methods="1" coveredmethods="0"/>
        <line num="7" count="0" type="stmt"/>
        <line num="8" count="0" type="stmt"/>
        <line num="48" count="0" type="stmt"/>
        <line num="55" count="0" type="stmt"/>
      </file>
      <file name="Header.stories.jsx" path="/home/georges/University/BTH/Javascript_baserade_webbramverk_DV1612(jsramverk)/text_editor/client/src/stories/Header.stories.jsx">
        <metrics statements="5" coveredstatements="0" conditionals="0" coveredconditionals="0" methods="1" coveredmethods="0"/>
        <line num="14" count="0" type="stmt"/>
        <line num="16" count="0" type="stmt"/>
        <line num="17" count="0" type="stmt"/>
        <line num="23" count="0" type="stmt"/>
        <line num="24" count="0" type="stmt"/>
      </file>
      <file name="Page.jsx" path="/home/georges/University/BTH/Javascript_baserade_webbramverk_DV1612(jsramverk)/text_editor/client/src/stories/Page.jsx">
        <metrics statements="6" coveredstatements="0" conditionals="0" coveredconditionals="0" methods="4" coveredmethods="0"/>
        <line num="6" count="0" type="stmt"/>
        <line num="7" count="0" type="stmt"/>
        <line num="9" count="0" type="stmt"/>
        <line num="13" count="0" type="stmt"/>
        <line num="14" count="0" type="stmt"/>
        <line num="15" count="0" type="stmt"/>
      </file>
      <file name="Page.stories.jsx" path="/home/georges/University/BTH/Javascript_baserade_webbramverk_DV1612(jsramverk)/text_editor/client/src/stories/Page.stories.jsx">
        <metrics statements="7" coveredstatements="0" conditionals="0" coveredconditionals="0" methods="2" coveredmethods="0"/>
        <line num="15" count="0" type="stmt"/>
        <line num="18" count="0" type="stmt"/>
        <line num="20" count="0" type="stmt"/>
        <line num="21" count="0" type="stmt"/>
        <line num="22" count="0" type="stmt"/>
        <line num="23" count="0" type="stmt"/>
        <line num="24" count="0" type="stmt"/>
      </file>
    </package>
  </project>
</coverage>
