{"/home/georges/University/BTH/Javascript_baserade_webbramverk_DV1612(jsramverk)/text_editor/client/src/App.js": {"path":"/home/georges/University/BTH/Javascript_baserade_webbramverk_DV1612(jsramverk)/text_editor/client/src/App.js","statementMap":{"0":{"start":{"line":11,"column":2},"end":{"line":28,"column":4}}},"fnMap":{"0":{"name":"App","decl":{"start":{"line":10,"column":9},"end":{"line":10,"column":12}},"loc":{"start":{"line":10,"column":15},"end":{"line":29,"column":1}},"line":10}},"branchMap":{},"s":{"0":1},"f":{"0":1},"b":{},"_coverageSchema":"1a1c01bbd47fc00a2c39e90264f33305004495a9","hash":"f4294de94c608564afae23ff991e6afa42ea2732"}
,"/home/georges/University/BTH/Javascript_baserade_webbramverk_DV1612(jsramverk)/text_editor/client/src/index.js": {"path":"/home/georges/University/BTH/Javascript_baserade_webbramverk_DV1612(jsramverk)/text_editor/client/src/index.js","statementMap":{"0":{"start":{"line":10,"column":13},"end":{"line":10,"column":65}},"1":{"start":{"line":11,"column":0},"end":{"line":15,"column":2}},"2":{"start":{"line":22,"column":15},"end":{"line":22,"column":37}},"3":{"start":{"line":23,"column":14},"end":{"line":23,"column":45}},"4":{"start":{"line":26,"column":2},"end":{"line":30,"column":3}},"5":{"start":{"line":27,"column":4},"end":{"line":27,"column":36}},"6":{"start":{"line":29,"column":4},"end":{"line":29,"column":58}},"7":{"start":{"line":33,"column":0},"end":{"line":33,"column":33}},"8":{"start":{"line":37,"column":0},"end":{"line":37,"column":39}}},"fnMap":{"0":{"name":"sendToAnalytics","decl":{"start":{"line":21,"column":9},"end":{"line":21,"column":24}},"loc":{"start":{"line":21,"column":33},"end":{"line":31,"column":1}},"line":21}},"branchMap":{"0":{"loc":{"start":{"line":26,"column":2},"end":{"line":30,"column":3}},"type":"if","locations":[{"start":{"line":26,"column":2},"end":{"line":30,"column":3}},{"start":{"line":28,"column":9},"end":{"line":30,"column":3}}],"line":26}},"s":{"0":0,"1":0,"2":0,"3":0,"4":0,"5":0,"6":0,"7":0,"8":0},"f":{"0":0},"b":{"0":[0,0]}}
,"/home/georges/University/BTH/Javascript_baserade_webbramverk_DV1612(jsramverk)/text_editor/client/src/service-worker.js": {"path":"/home/georges/University/BTH/Javascript_baserade_webbramverk_DV1612(jsramverk)/text_editor/client/src/service-worker.js","statementMap":{"0":{"start":{"line":2,"column":16},"end":{"line":2,"column":34}}},"fnMap":{},"branchMap":{},"s":{"0":0},"f":{},"b":{}}
,"/home/georges/University/BTH/Javascript_baserade_webbramverk_DV1612(jsramverk)/text_editor/client/src/stories/Button.jsx": {"path":"/home/georges/University/BTH/Javascript_baserade_webbramverk_DV1612(jsramverk)/text_editor/client/src/stories/Button.jsx","statementMap":{"0":{"start":{"line":8,"column":22},"end":{"line":20,"column":1}},"1":{"start":{"line":9,"column":15},"end":{"line":9,"column":84}},"2":{"start":{"line":10,"column":2},"end":{"line":19,"column":4}},"3":{"start":{"line":22,"column":0},"end":{"line":43,"column":2}},"4":{"start":{"line":45,"column":0},"end":{"line":50,"column":2}}},"fnMap":{"0":{"name":"(anonymous_0)","decl":{"start":{"line":8,"column":22},"end":{"line":8,"column":23}},"loc":{"start":{"line":8,"column":79},"end":{"line":20,"column":1}},"line":8}},"branchMap":{"0":{"loc":{"start":{"line":9,"column":15},"end":{"line":9,"column":84}},"type":"cond-expr","locations":[{"start":{"line":9,"column":25},"end":{"line":9,"column":52}},{"start":{"line":9,"column":55},"end":{"line":9,"column":84}}],"line":9},"1":{"loc":{"start":{"line":14,"column":13},"end":{"line":14,"column":51}},"type":"binary-expr","locations":[{"start":{"line":14,"column":13},"end":{"line":14,"column":28}},{"start":{"line":14,"column":32},"end":{"line":14,"column":51}}],"line":14}},"s":{"0":0,"1":0,"2":0,"3":0,"4":0},"f":{"0":0},"b":{"0":[0,0],"1":[0,0]}}
,"/home/georges/University/BTH/Javascript_baserade_webbramverk_DV1612(jsramverk)/text_editor/client/src/stories/Button.stories.jsx": {"path":"/home/georges/University/BTH/Javascript_baserade_webbramverk_DV1612(jsramverk)/text_editor/client/src/stories/Button.stories.jsx","statementMap":{"0":{"start":{"line":16,"column":17},"end":{"line":16,"column":47}},"1":{"start":{"line":16,"column":27},"end":{"line":16,"column":47}},"2":{"start":{"line":18,"column":23},"end":{"line":18,"column":40}},"3":{"start":{"line":20,"column":0},"end":{"line":23,"column":2}},"4":{"start":{"line":25,"column":25},"end":{"line":25,"column":42}},"5":{"start":{"line":26,"column":0},"end":{"line":28,"column":2}},"6":{"start":{"line":30,"column":21},"end":{"line":30,"column":38}},"7":{"start":{"line":31,"column":0},"end":{"line":34,"column":2}},"8":{"start":{"line":36,"column":21},"end":{"line":36,"column":38}},"9":{"start":{"line":37,"column":0},"end":{"line":40,"column":2}}},"fnMap":{"0":{"name":"(anonymous_0)","decl":{"start":{"line":16,"column":17},"end":{"line":16,"column":18}},"loc":{"start":{"line":16,"column":27},"end":{"line":16,"column":47}},"line":16}},"branchMap":{},"s":{"0":0,"1":0,"2":0,"3":0,"4":0,"5":0,"6":0,"7":0,"8":0,"9":0},"f":{"0":0},"b":{}}
,"/home/georges/University/BTH/Javascript_baserade_webbramverk_DV1612(jsramverk)/text_editor/client/src/stories/Header.jsx": {"path":"/home/georges/University/BTH/Javascript_baserade_webbramverk_DV1612(jsramverk)/text_editor/client/src/stories/Header.jsx","statementMap":{"0":{"start":{"line":7,"column":22},"end":{"line":46,"column":1}},"1":{"start":{"line":8,"column":2},"end":{"line":45,"column":11}},"2":{"start":{"line":48,"column":0},"end":{"line":53,"column":2}},"3":{"start":{"line":55,"column":0},"end":{"line":57,"column":2}}},"fnMap":{"0":{"name":"(anonymous_0)","decl":{"start":{"line":7,"column":22},"end":{"line":7,"column":23}},"loc":{"start":{"line":8,"column":2},"end":{"line":45,"column":11}},"line":8}},"branchMap":{"0":{"loc":{"start":{"line":30,"column":9},"end":{"line":42,"column":9}},"type":"cond-expr","locations":[{"start":{"line":31,"column":10},"end":{"line":36,"column":13}},{"start":{"line":38,"column":10},"end":{"line":41,"column":13}}],"line":30}},"s":{"0":0,"1":0,"2":0,"3":0},"f":{"0":0},"b":{"0":[0,0]}}
,"/home/georges/University/BTH/Javascript_baserade_webbramverk_DV1612(jsramverk)/text_editor/client/src/stories/Header.stories.jsx": {"path":"/home/georges/University/BTH/Javascript_baserade_webbramverk_DV1612(jsramverk)/text_editor/client/src/stories/Header.stories.jsx","statementMap":{"0":{"start":{"line":14,"column":17},"end":{"line":14,"column":47}},"1":{"start":{"line":14,"column":27},"end":{"line":14,"column":47}},"2":{"start":{"line":16,"column":24},"end":{"line":16,"column":41}},"3":{"start":{"line":17,"column":0},"end":{"line":21,"column":2}},"4":{"start":{"line":23,"column":25},"end":{"line":23,"column":42}},"5":{"start":{"line":24,"column":0},"end":{"line":24,"column":20}}},"fnMap":{"0":{"name":"(anonymous_0)","decl":{"start":{"line":14,"column":17},"end":{"line":14,"column":18}},"loc":{"start":{"line":14,"column":27},"end":{"line":14,"column":47}},"line":14}},"branchMap":{},"s":{"0":0,"1":0,"2":0,"3":0,"4":0,"5":0},"f":{"0":0},"b":{}}
,"/home/georges/University/BTH/Javascript_baserade_webbramverk_DV1612(jsramverk)/text_editor/client/src/stories/Page.jsx": {"path":"/home/georges/University/BTH/Javascript_baserade_webbramverk_DV1612(jsramverk)/text_editor/client/src/stories/Page.jsx","statementMap":{"0":{"start":{"line":6,"column":20},"end":{"line":69,"column":1}},"1":{"start":{"line":7,"column":26},"end":{"line":7,"column":42}},"2":{"start":{"line":9,"column":2},"end":{"line":68,"column":4}},"3":{"start":{"line":13,"column":23},"end":{"line":13,"column":52}},"4":{"start":{"line":14,"column":24},"end":{"line":14,"column":42}},"5":{"start":{"line":15,"column":31},"end":{"line":15,"column":60}}},"fnMap":{"0":{"name":"(anonymous_0)","decl":{"start":{"line":6,"column":20},"end":{"line":6,"column":21}},"loc":{"start":{"line":6,"column":26},"end":{"line":69,"column":1}},"line":6},"1":{"name":"(anonymous_1)","decl":{"start":{"line":13,"column":17},"end":{"line":13,"column":18}},"loc":{"start":{"line":13,"column":23},"end":{"line":13,"column":52}},"line":13},"2":{"name":"(anonymous_2)","decl":{"start":{"line":14,"column":18},"end":{"line":14,"column":19}},"loc":{"start":{"line":14,"column":24},"end":{"line":14,"column":42}},"line":14},"3":{"name":"(anonymous_3)","decl":{"start":{"line":15,"column":25},"end":{"line":15,"column":26}},"loc":{"start":{"line":15,"column":31},"end":{"line":15,"column":60}},"line":15}},"branchMap":{},"s":{"0":0,"1":0,"2":0,"3":0,"4":0,"5":0},"f":{"0":0,"1":0,"2":0,"3":0},"b":{}}
,"/home/georges/University/BTH/Javascript_baserade_webbramverk_DV1612(jsramverk)/text_editor/client/src/stories/Page.stories.jsx": {"path":"/home/georges/University/BTH/Javascript_baserade_webbramverk_DV1612(jsramverk)/text_editor/client/src/stories/Page.stories.jsx","statementMap":{"0":{"start":{"line":15,"column":17},"end":{"line":15,"column":45}},"1":{"start":{"line":15,"column":27},"end":{"line":15,"column":45}},"2":{"start":{"line":18,"column":25},"end":{"line":18,"column":42}},"3":{"start":{"line":20,"column":24},"end":{"line":20,"column":41}},"4":{"start":{"line":21,"column":0},"end":{"line":25,"column":2}},"5":{"start":{"line":22,"column":17},"end":{"line":22,"column":38}},"6":{"start":{"line":23,"column":22},"end":{"line":23,"column":75}},"7":{"start":{"line":24,"column":2},"end":{"line":24,"column":37}}},"fnMap":{"0":{"name":"(anonymous_0)","decl":{"start":{"line":15,"column":17},"end":{"line":15,"column":18}},"loc":{"start":{"line":15,"column":27},"end":{"line":15,"column":45}},"line":15},"1":{"name":"(anonymous_1)","decl":{"start":{"line":21,"column":16},"end":{"line":21,"column":17}},"loc":{"start":{"line":21,"column":45},"end":{"line":25,"column":1}},"line":21}},"branchMap":{},"s":{"0":0,"1":0,"2":0,"3":0,"4":0,"5":0,"6":0,"7":0},"f":{"0":0,"1":0},"b":{}}
}
